2023-05-16 17:05:97 INFO  HomePage :43 - Select menu option Computers
2023-05-16 17:05:128 INFO  HomePage :49 - Click on Computer Menu tab [[ChromeDriver: chrome on WINDOWS (4b94396ee7010cbc857ef4903a864f06)] -> xpath: //ul[@class='top-menu notmobile']//a[normalize-space()='Computers']]
2023-05-16 17:05:941 INFO  HomePage :58 - Click on Logout LinkDesktop tab [[ChromeDriver: chrome on WINDOWS (4b94396ee7010cbc857ef4903a864f06)] -> xpath: //a[@title='Show products in category Desktops'][normalize-space()='Desktops']]
2023-05-16 17:05:997 INFO  HomePage :43 - Select menu option Computers
2023-05-16 17:05:26 INFO  HomePage :49 - Click on Computer Menu tab [[ChromeDriver: chrome on WINDOWS (953d02d40d81fdc63102e0bc242f33c3)] -> xpath: //ul[@class='top-menu notmobile']//a[normalize-space()='Computers']]
2023-05-16 17:05:848 INFO  HomePage :58 - Click on Logout LinkDesktop tab [[ChromeDriver: chrome on WINDOWS (953d02d40d81fdc63102e0bc242f33c3)] -> xpath: //a[@title='Show products in category Desktops'][normalize-space()='Desktops']]
2023-05-16 17:05:927 INFO  HomePage :43 - Select menu option Computers
2023-05-16 17:05:951 INFO  HomePage :49 - Click on Computer Menu tab [[ChromeDriver: chrome on WINDOWS (f4a62b1cae32b32825b5ccdba97591cb)] -> xpath: //ul[@class='top-menu notmobile']//a[normalize-space()='Computers']]
2023-05-16 17:05:819 INFO  HomePage :58 - Click on Logout LinkDesktop tab [[ChromeDriver: chrome on WINDOWS (f4a62b1cae32b32825b5ccdba97591cb)] -> xpath: //a[@title='Show products in category Desktops'][normalize-space()='Desktops']]
2023-05-16 22:05:625 INFO  HomePage :44 - Select menu option Computers
2023-05-16 22:05:670 INFO  HomePage :50 - Click on Computer Menu tab [[ChromeDriver: chrome on WINDOWS (44fbfa7b7a24850d6631c6f719f4933c)] -> xpath: //ul[@class='top-menu notmobile']//a[normalize-space()='Computers']]
2023-05-16 22:05:185 INFO  HomePage :59 - Click on Logout LinkDesktop tab [[ChromeDriver: chrome on WINDOWS (44fbfa7b7a24850d6631c6f719f4933c)] -> xpath: //a[@title='Show products in category Desktops'][normalize-space()='Desktops']]
2023-05-16 22:05:24 INFO  HomePage :67 - Mouse hover on Electronics tab [[ChromeDriver: chrome on WINDOWS (c93dd7b36b68977e5855a891a2f6f87b)] -> xpath: //ul[@class='top-menu notmobile']//a[normalize-space()='Electronics']]
2023-05-16 22:05:25 INFO  HomePage :68 - Mouse hover on Cell phones and click [[ChromeDriver: chrome on WINDOWS (c93dd7b36b68977e5855a891a2f6f87b)] -> xpath: //ul[@class='top-menu notmobile']//a[normalize-space()='Cell phones']]
2023-05-16 22:05:458 INFO  HomePage :44 - Select menu option Computers
2023-05-16 22:05:506 INFO  HomePage :50 - Click on Computer Menu tab [[ChromeDriver: chrome on WINDOWS (d6ad0158e04d93b8ccef3cae73d0017f)] -> xpath: //ul[@class='top-menu notmobile']//a[normalize-space()='Computers']]
2023-05-16 22:05:816 INFO  HomePage :59 - Click on Logout LinkDesktop tab [[ChromeDriver: chrome on WINDOWS (d6ad0158e04d93b8ccef3cae73d0017f)] -> xpath: //a[@title='Show products in category Desktops'][normalize-space()='Desktops']]
2023-05-16 22:05:35 INFO  DesktopPage :77 - Select Name : A to Z from sort by Position[[ChromeDriver: chrome on WINDOWS (d6ad0158e04d93b8ccef3cae73d0017f)] -> id: products-orderby]
2023-05-16 22:05:211 INFO  HomePage :67 - Mouse hover on Electronics tab [[ChromeDriver: chrome on WINDOWS (d9361688eeee5124946e083fb5d1ec4d)] -> xpath: //ul[@class='top-menu notmobile']//a[normalize-space()='Electronics']]
2023-05-16 22:05:212 INFO  HomePage :68 - Mouse hover on Cell phones and click [[ChromeDriver: chrome on WINDOWS (d9361688eeee5124946e083fb5d1ec4d)] -> xpath: //ul[@class='top-menu notmobile']//a[normalize-space()='Cell phones']]
2023-05-16 22:05:370 INFO  CellPhonesPage :39 - Click on List view tab[[ChromeDriver: chrome on WINDOWS (d9361688eeee5124946e083fb5d1ec4d)] -> xpath: //a[normalize-space()='List']]
2023-05-16 22:05:316 INFO  HomePage :44 - Select menu option Computers
2023-05-16 22:05:358 INFO  HomePage :50 - Click on Computer Menu tab [[ChromeDriver: chrome on WINDOWS (d85009a2a633d50b64130375adeb58a0)] -> xpath: //ul[@class='top-menu notmobile']//a[normalize-space()='Computers']]
2023-05-16 22:05:432 INFO  HomePage :59 - Click on Logout LinkDesktop tab [[ChromeDriver: chrome on WINDOWS (d85009a2a633d50b64130375adeb58a0)] -> xpath: //a[@title='Show products in category Desktops'][normalize-space()='Desktops']]
2023-05-16 22:05:997 INFO  HomePage :44 - Select menu option Computers
2023-05-16 22:05:22 INFO  HomePage :50 - Click on Computer Menu tab [[ChromeDriver: chrome on WINDOWS (6ba38341e3c9a33960b79e1f7bc88449)] -> xpath: //ul[@class='top-menu notmobile']//a[normalize-space()='Computers']]
2023-05-16 22:05:54 INFO  HomePage :59 - Click on Logout LinkDesktop tab [[ChromeDriver: chrome on WINDOWS (6ba38341e3c9a33960b79e1f7bc88449)] -> xpath: //a[@title='Show products in category Desktops'][normalize-space()='Desktops']]
2023-05-16 22:05:321 INFO  DesktopPage :77 - Select Name : A to Z from sort by Position[[ChromeDriver: chrome on WINDOWS (6ba38341e3c9a33960b79e1f7bc88449)] -> id: products-orderby]
2023-05-16 22:05:374 INFO  HomePage :67 - Mouse hover on Electronics tab [[ChromeDriver: chrome on WINDOWS (0c825b958851b4c667f9d810f5de878c)] -> xpath: //ul[@class='top-menu notmobile']//a[normalize-space()='Electronics']]
2023-05-16 22:05:375 INFO  HomePage :68 - Mouse hover on Cell phones and click [[ChromeDriver: chrome on WINDOWS (0c825b958851b4c667f9d810f5de878c)] -> xpath: //ul[@class='top-menu notmobile']//a[normalize-space()='Cell phones']]
2023-05-16 22:05:765 INFO  HomePage :67 - Mouse hover on Electronics tab [[ChromeDriver: chrome on WINDOWS (34f177b552d9f342724fb93df36f423a)] -> xpath: //ul[@class='top-menu notmobile']//a[normalize-space()='Electronics']]
2023-05-16 22:05:766 INFO  HomePage :68 - Mouse hover on Cell phones and click [[ChromeDriver: chrome on WINDOWS (34f177b552d9f342724fb93df36f423a)] -> xpath: //ul[@class='top-menu notmobile']//a[normalize-space()='Cell phones']]
2023-05-16 22:05:939 INFO  CellPhonesPage :39 - Click on List view tab[[ChromeDriver: chrome on WINDOWS (34f177b552d9f342724fb93df36f423a)] -> xpath: //a[normalize-space()='List']]
2023-05-16 22:05:566 INFO  HomePage :44 - Select menu option Computers
2023-05-16 22:05:601 INFO  HomePage :50 - Click on Computer Menu tab [[ChromeDriver: chrome on WINDOWS (f194c02854354bd6b956b65239522adc)] -> xpath: //ul[@class='top-menu notmobile']//a[normalize-space()='Computers']]
2023-05-16 22:05:463 INFO  HomePage :59 - Click on Logout LinkDesktop tab [[ChromeDriver: chrome on WINDOWS (f194c02854354bd6b956b65239522adc)] -> xpath: //a[@title='Show products in category Desktops'][normalize-space()='Desktops']]
2023-05-16 22:05:848 INFO  HomePage :44 - Select menu option Computers
2023-05-16 22:05:876 INFO  HomePage :50 - Click on Computer Menu tab [[ChromeDriver: chrome on WINDOWS (302e68b00ab570e29b30f0bf857fe613)] -> xpath: //ul[@class='top-menu notmobile']//a[normalize-space()='Computers']]
2023-05-16 22:05:116 INFO  HomePage :59 - Click on Logout LinkDesktop tab [[ChromeDriver: chrome on WINDOWS (302e68b00ab570e29b30f0bf857fe613)] -> xpath: //a[@title='Show products in category Desktops'][normalize-space()='Desktops']]
2023-05-16 22:05:304 INFO  DesktopPage :77 - Select Name : A to Z from sort by Position[[ChromeDriver: chrome on WINDOWS (302e68b00ab570e29b30f0bf857fe613)] -> id: products-orderby]
2023-05-16 22:05:848 INFO  HomePage :67 - Mouse hover on Electronics tab [[ChromeDriver: chrome on WINDOWS (c964ee1eaf938b16f994685b2aebe0bc)] -> xpath: //ul[@class='top-menu notmobile']//a[normalize-space()='Electronics']]
2023-05-16 22:05:849 INFO  HomePage :68 - Mouse hover on Cell phones and click [[ChromeDriver: chrome on WINDOWS (c964ee1eaf938b16f994685b2aebe0bc)] -> xpath: //ul[@class='top-menu notmobile']//a[normalize-space()='Cell phones']]
2023-05-16 22:05:897 INFO  HomePage :67 - Mouse hover on Electronics tab [[ChromeDriver: chrome on WINDOWS (ea13c33b6a6b3b642387634f2cc321e9)] -> xpath: //ul[@class='top-menu notmobile']//a[normalize-space()='Electronics']]
2023-05-16 22:05:898 INFO  HomePage :68 - Mouse hover on Cell phones and click [[ChromeDriver: chrome on WINDOWS (ea13c33b6a6b3b642387634f2cc321e9)] -> xpath: //ul[@class='top-menu notmobile']//a[normalize-space()='Cell phones']]
2023-05-16 22:05:129 INFO  CellPhonesPage :39 - Click on List view tab[[ChromeDriver: chrome on WINDOWS (ea13c33b6a6b3b642387634f2cc321e9)] -> xpath: //a[normalize-space()='List']]
2023-05-16 22:05:284 INFO  HomePage :44 - Select menu option Computers
2023-05-16 22:05:338 INFO  HomePage :50 - Click on Computer Menu tab [[ChromeDriver: chrome on WINDOWS (29e20228b976641bb90580cc1f8e9c77)] -> xpath: //ul[@class='top-menu notmobile']//a[normalize-space()='Computers']]
2023-05-16 22:05:259 INFO  HomePage :59 - Click on Logout LinkDesktop tab [[ChromeDriver: chrome on WINDOWS (29e20228b976641bb90580cc1f8e9c77)] -> xpath: //a[@title='Show products in category Desktops'][normalize-space()='Desktops']]
2023-05-16 22:05:586 INFO  HomePage :67 - Mouse hover on Electronics tab [[ChromeDriver: chrome on WINDOWS (dbd3f7721107378e0a178409d2455b9d)] -> xpath: //ul[@class='top-menu notmobile']//a[normalize-space()='Electronics']]
2023-05-16 22:05:589 INFO  HomePage :68 - Mouse hover on Cell phones and click [[ChromeDriver: chrome on WINDOWS (dbd3f7721107378e0a178409d2455b9d)] -> xpath: //ul[@class='top-menu notmobile']//a[normalize-space()='Cell phones']]
2023-05-16 22:05:333 INFO  HomePage :44 - Select menu option Computers
2023-05-16 22:05:377 INFO  HomePage :50 - Click on Computer Menu tab [[ChromeDriver: chrome on WINDOWS (4b5e20e7e1e6f1ee920a231220733981)] -> xpath: //ul[@class='top-menu notmobile']//a[normalize-space()='Computers']]
2023-05-16 22:05:974 INFO  HomePage :59 - Click on Logout LinkDesktop tab [[ChromeDriver: chrome on WINDOWS (4b5e20e7e1e6f1ee920a231220733981)] -> xpath: //a[@title='Show products in category Desktops'][normalize-space()='Desktops']]
2023-05-16 22:05:296 INFO  HomePage :67 - Mouse hover on Electronics tab [[ChromeDriver: chrome on WINDOWS (dd6e1503ca1ba88d643c6ede91508d5c)] -> xpath: //ul[@class='top-menu notmobile']//a[normalize-space()='Electronics']]
2023-05-16 22:05:298 INFO  HomePage :68 - Mouse hover on Cell phones and click [[ChromeDriver: chrome on WINDOWS (dd6e1503ca1ba88d643c6ede91508d5c)] -> xpath: //ul[@class='top-menu notmobile']//a[normalize-space()='Cell phones']]
2023-05-16 22:05:125 INFO  HomePage :44 - Select menu option Computers
2023-05-16 22:05:228 INFO  HomePage :50 - Click on Computer Menu tab [[ChromeDriver: chrome on WINDOWS (41754ed5711179b02ce74db9b9115874)] -> xpath: //ul[@class='top-menu notmobile']//a[normalize-space()='Computers']]
2023-05-16 22:05:919 INFO  HomePage :59 - Click on Logout LinkDesktop tab [[ChromeDriver: chrome on WINDOWS (41754ed5711179b02ce74db9b9115874)] -> xpath: //a[@title='Show products in category Desktops'][normalize-space()='Desktops']]
2023-05-16 22:05:246 INFO  DesktopPage :77 - Select Name : A to Z from sort by Position[[ChromeDriver: chrome on WINDOWS (41754ed5711179b02ce74db9b9115874)] -> xpath: //select[@name='products-orderby']]
2023-05-16 22:05:399 INFO  HomePage :67 - Mouse hover on Electronics tab [[ChromeDriver: chrome on WINDOWS (fa916c242a449f242f1997b5915d2e1c)] -> xpath: //ul[@class='top-menu notmobile']//a[normalize-space()='Electronics']]
2023-05-16 22:05:401 INFO  HomePage :68 - Mouse hover on Cell phones and click [[ChromeDriver: chrome on WINDOWS (fa916c242a449f242f1997b5915d2e1c)] -> xpath: //ul[@class='top-menu notmobile']//a[normalize-space()='Cell phones']]
2023-05-16 22:05:734 INFO  CellPhonesPage :39 - Click on List view tab[[ChromeDriver: chrome on WINDOWS (fa916c242a449f242f1997b5915d2e1c)] -> xpath: //a[normalize-space()='List']]
2023-05-16 22:05:814 INFO  HomePage :44 - Select menu option Computers
2023-05-16 22:05:878 INFO  HomePage :50 - Click on Computer Menu tab [[ChromeDriver: chrome on WINDOWS (5213d76861523200611a67cdb4772e1e)] -> xpath: //ul[@class='top-menu notmobile']//a[normalize-space()='Computers']]
2023-05-16 22:05:108 INFO  HomePage :59 - Click on Logout LinkDesktop tab [[ChromeDriver: chrome on WINDOWS (5213d76861523200611a67cdb4772e1e)] -> xpath: //a[@title='Show products in category Desktops'][normalize-space()='Desktops']]
2023-05-16 22:05:87 INFO  HomePage :44 - Select menu option Computers
2023-05-16 22:05:160 INFO  HomePage :50 - Click on Computer Menu tab [[ChromeDriver: chrome on WINDOWS (9392f524bd7ddb991000b804be18d822)] -> xpath: //ul[@class='top-menu notmobile']//a[normalize-space()='Computers']]
2023-05-16 22:05:470 INFO  HomePage :59 - Click on Logout LinkDesktop tab [[ChromeDriver: chrome on WINDOWS (9392f524bd7ddb991000b804be18d822)] -> xpath: //a[@title='Show products in category Desktops'][normalize-space()='Desktops']]
2023-05-16 22:05:02 INFO  DesktopPage :77 - Select Name : A to Z from sort by Position[[ChromeDriver: chrome on WINDOWS (9392f524bd7ddb991000b804be18d822)] -> xpath: //select[@name='products-orderby']]
2023-05-16 22:05:984 INFO  HomePage :67 - Mouse hover on Electronics tab [[ChromeDriver: chrome on WINDOWS (ee7829fc64f4b783ed00e42d777b66c0)] -> xpath: //ul[@class='top-menu notmobile']//a[normalize-space()='Electronics']]
2023-05-16 22:05:986 INFO  HomePage :68 - Mouse hover on Cell phones and click [[ChromeDriver: chrome on WINDOWS (ee7829fc64f4b783ed00e42d777b66c0)] -> xpath: //ul[@class='top-menu notmobile']//a[normalize-space()='Cell phones']]
2023-05-16 22:05:332 INFO  HomePage :67 - Mouse hover on Electronics tab [[ChromeDriver: chrome on WINDOWS (d160327d3e6e30413cbca404a2e3675b)] -> xpath: //ul[@class='top-menu notmobile']//a[normalize-space()='Electronics']]
2023-05-16 22:05:333 INFO  HomePage :68 - Mouse hover on Cell phones and click [[ChromeDriver: chrome on WINDOWS (d160327d3e6e30413cbca404a2e3675b)] -> xpath: //ul[@class='top-menu notmobile']//a[normalize-space()='Cell phones']]
2023-05-16 22:05:475 INFO  CellPhonesPage :39 - Click on List view tab[[ChromeDriver: chrome on WINDOWS (d160327d3e6e30413cbca404a2e3675b)] -> xpath: //a[normalize-space()='List']]
2023-05-16 23:05:275 INFO  HomePage :44 - Select menu option Computers
2023-05-16 23:05:320 INFO  HomePage :50 - Click on Computer Menu tab [[ChromeDriver: chrome on WINDOWS (e2110648db4bcea6032ad070a2668c4a)] -> xpath: //ul[@class='top-menu notmobile']//a[normalize-space()='Computers']]
2023-05-16 23:05:165 INFO  HomePage :59 - Click on Logout LinkDesktop tab [[ChromeDriver: chrome on WINDOWS (e2110648db4bcea6032ad070a2668c4a)] -> xpath: //a[@title='Show products in category Desktops'][normalize-space()='Desktops']]
2023-05-16 23:05:355 INFO  HomePage :44 - Select menu option Computers
2023-05-16 23:05:464 INFO  HomePage :50 - Click on Computer Menu tab [[ChromeDriver: chrome on WINDOWS (d0cbc75b668537c07e7fb8caa6b3c0d1)] -> xpath: //ul[@class='top-menu notmobile']//a[normalize-space()='Computers']]
2023-05-16 23:05:448 INFO  HomePage :59 - Click on Logout LinkDesktop tab [[ChromeDriver: chrome on WINDOWS (d0cbc75b668537c07e7fb8caa6b3c0d1)] -> xpath: //a[@title='Show products in category Desktops'][normalize-space()='Desktops']]
2023-05-16 23:05:61 INFO  DesktopPage :77 - Select Name : A to Z from sort by Position[[ChromeDriver: chrome on WINDOWS (d0cbc75b668537c07e7fb8caa6b3c0d1)] -> id: products-orderby]
2023-05-16 23:05:210 INFO  BuildYourOwnComputerPage :68 - Build your own Computer with processor [[ChromeDriver: chrome on WINDOWS (d0cbc75b668537c07e7fb8caa6b3c0d1)] -> id: product_attribute_1]
2023-05-16 23:05:353 INFO  BuildYourOwnComputerPage :74 - Build your own Computer with 8GB RAM [[ChromeDriver: chrome on WINDOWS (d0cbc75b668537c07e7fb8caa6b3c0d1)] -> id: product_attribute_2]
2023-05-16 23:05:485 INFO  BuildYourOwnComputerPage :80 - Build your own Computer with 400GB HDD [[ChromeDriver: chrome on WINDOWS (d0cbc75b668537c07e7fb8caa6b3c0d1)] -> id: product_attribute_3_7]
2023-05-16 23:05:603 INFO  BuildYourOwnComputerPage :86 - Build your own Computer with OS Vista Premium [[ChromeDriver: chrome on WINDOWS (d0cbc75b668537c07e7fb8caa6b3c0d1)] -> id: product_attribute_4_9]
2023-05-16 23:05:705 INFO  BuildYourOwnComputerPage :92 - Build your own Computer with Microsoft Office and Total Commander [[ChromeDriver: chrome on WINDOWS (d0cbc75b668537c07e7fb8caa6b3c0d1)] -> id: product_attribute_5_12]
2023-05-16 23:05:61 INFO  HomePage :67 - Mouse hover on Electronics tab [[ChromeDriver: chrome on WINDOWS (f59f57ed964a675442d2577ccc237e0c)] -> xpath: //ul[@class='top-menu notmobile']//a[normalize-space()='Electronics']]
2023-05-16 23:05:64 INFO  HomePage :68 - Mouse hover on Cell phones and click [[ChromeDriver: chrome on WINDOWS (f59f57ed964a675442d2577ccc237e0c)] -> xpath: //ul[@class='top-menu notmobile']//a[normalize-space()='Cell phones']]
2023-05-16 23:05:206 INFO  HomePage :67 - Mouse hover on Electronics tab [[ChromeDriver: chrome on WINDOWS (8ef4b3c293c1aa7174463554ffe78221)] -> xpath: //ul[@class='top-menu notmobile']//a[normalize-space()='Electronics']]
2023-05-16 23:05:207 INFO  HomePage :68 - Mouse hover on Cell phones and click [[ChromeDriver: chrome on WINDOWS (8ef4b3c293c1aa7174463554ffe78221)] -> xpath: //ul[@class='top-menu notmobile']//a[normalize-space()='Cell phones']]
2023-05-16 23:05:682 INFO  CellPhonesPage :39 - Click on List view tab[[ChromeDriver: chrome on WINDOWS (8ef4b3c293c1aa7174463554ffe78221)] -> xpath: //a[normalize-space()='List']]
2023-05-16 23:05:190 INFO  HomePage :44 - Select menu option Computers
2023-05-16 23:05:254 INFO  HomePage :50 - Click on Computer Menu tab [[ChromeDriver: chrome on WINDOWS (2cc0dece98d31aad05143b08ac4e7e2a)] -> xpath: //ul[@class='top-menu notmobile']//a[normalize-space()='Computers']]
2023-05-16 23:05:363 INFO  HomePage :59 - Click on Logout LinkDesktop tab [[ChromeDriver: chrome on WINDOWS (2cc0dece98d31aad05143b08ac4e7e2a)] -> xpath: //a[@title='Show products in category Desktops'][normalize-space()='Desktops']]
2023-05-16 23:05:776 INFO  HomePage :44 - Select menu option Computers
2023-05-16 23:05:820 INFO  HomePage :50 - Click on Computer Menu tab [[ChromeDriver: chrome on WINDOWS (a881ede86b2573f4783e0d06f4374fa0)] -> xpath: //ul[@class='top-menu notmobile']//a[normalize-space()='Computers']]
2023-05-16 23:05:94 INFO  HomePage :59 - Click on Logout LinkDesktop tab [[ChromeDriver: chrome on WINDOWS (a881ede86b2573f4783e0d06f4374fa0)] -> xpath: //a[@title='Show products in category Desktops'][normalize-space()='Desktops']]
2023-05-16 23:05:352 INFO  DesktopPage :77 - Select Name : A to Z from sort by Position[[ChromeDriver: chrome on WINDOWS (a881ede86b2573f4783e0d06f4374fa0)] -> id: products-orderby]
2023-05-16 23:05:36 INFO  HomePage :67 - Mouse hover on Electronics tab [[ChromeDriver: chrome on WINDOWS (75bd7198af6d04d26a0a05c2f13da7fe)] -> xpath: //ul[@class='top-menu notmobile']//a[normalize-space()='Electronics']]
2023-05-16 23:05:38 INFO  HomePage :68 - Mouse hover on Cell phones and click [[ChromeDriver: chrome on WINDOWS (75bd7198af6d04d26a0a05c2f13da7fe)] -> xpath: //ul[@class='top-menu notmobile']//a[normalize-space()='Cell phones']]
2023-05-16 23:05:781 INFO  HomePage :67 - Mouse hover on Electronics tab [[ChromeDriver: chrome on WINDOWS (f05d47c2b4eea78ffd0c18647ba3d963)] -> xpath: //ul[@class='top-menu notmobile']//a[normalize-space()='Electronics']]
2023-05-16 23:05:782 INFO  HomePage :68 - Mouse hover on Cell phones and click [[ChromeDriver: chrome on WINDOWS (f05d47c2b4eea78ffd0c18647ba3d963)] -> xpath: //ul[@class='top-menu notmobile']//a[normalize-space()='Cell phones']]
2023-05-16 23:05:415 INFO  CellPhonesPage :39 - Click on List view tab[[ChromeDriver: chrome on WINDOWS (f05d47c2b4eea78ffd0c18647ba3d963)] -> xpath: //a[normalize-space()='List']]
